<?xml version="1.0" encoding="UTF-8"?>
<!-- Generated by org.testng.reporters.JUnitReportReporter -->
<testsuite hostname="HIBACL153503" failures="0" tests="1" name="testScripts.BookHotel" time="13.792" errors="0" timestamp="2022-04-17T15:00:59 IST" skipped="0">
  <testcase classname="testScripts.BookHotel" name="logIn" time="13.792"/>
  <system-out/>
</testsuite> <!-- testScripts.BookHotel -->
